<?xml version="1.0" encoding="UTF-8"?>
<!-- Generated by org.testng.reporters.JUnitReportReporter -->
<testsuite hostname="Mahendra" failures="0" tests="1" name="com.Hrms.tests.TestLoginPage" time="5.966" errors="0" timestamp="2024-10-22T12:57:28 IST" skipped="0">
  <testcase classname="com.Hrms.tests.TestLoginPage" name="verifyLoginPage" time="5.966"/>
  <system-out/>
</testsuite> <!-- com.Hrms.tests.TestLoginPage -->
