<?xml version="1.0" encoding="UTF-8"?>
<!-- Generated by org.testng.reporters.JUnitReportReporter -->
<testsuite hostname="Mahendra" failures="0" tests="1" name="com.Hrms.tests.TestLoginPage" time="11.069" errors="0" timestamp="2024-10-30T22:40:08 IST" skipped="0">
  <testcase classname="com.Hrms.tests.TestLoginPage" name="verifyLoginPage" time="11.069"/>
  <system-out/>
</testsuite> <!-- com.Hrms.tests.TestLoginPage -->
