<?xml version="1.0" encoding="UTF-8"?>
<!-- Generated by org.testng.reporters.JUnitReportReporter -->
<testsuite hostname="Mahendra" failures="0" tests="1" name="com.Hrms.tests.TestPIMPage" time="7.536" errors="0" timestamp="2024-11-01T15:22:44 IST" skipped="0">
  <testcase classname="com.Hrms.tests.TestPIMPage" name="addEmployeePhotos" time="7.536"/>
  <system-out/>
</testsuite> <!-- com.Hrms.tests.TestPIMPage -->
