<?xml version="1.0" encoding="UTF-8"?>
<!-- Generated by org.testng.reporters.JUnitReportReporter -->
<testsuite hostname="Mahendra" failures="0" tests="1" name="com.Hrms.tests.TestLoginPage" time="11.199" errors="0" timestamp="2024-11-01T14:06:19 IST" skipped="0">
  <testcase classname="com.Hrms.tests.TestLoginPage" name="verifyLoginPage" time="11.199"/>
  <system-out/>
</testsuite> <!-- com.Hrms.tests.TestLoginPage -->
